<?xml version="1.0" encoding="UTF-8"?>
<robot generator="Robot 3.1.1 (Python 3.7.3 on win32)" generated="20190528 11:09:03.851" rpa="false">
<suite id="s1" name="TestSuite" source="c:\RED_robot\workspace\TestRed\TestSuite.robot">
<kw name="Open Browser With Given Url And Browser" type="setup">
<arguments>
<arg>${tested_web_url}</arg>
<arg>${browser}</arg>
</arguments>
<kw name="Download Newest Driver">
<arguments>
<arg>${browser}</arg>
</arguments>
<kw name="Set Variable If" library="BuiltIn">
<doc>Sets variable based on the given condition.</doc>
<arguments>
<arg>${path}==${None}</arg>
<arg>c:\\RED_robot\\workspace\\TestRed</arg>
<arg>${path}</arg>
</arguments>
<assign>
<var>${current_path}</var>
</assign>
<msg timestamp="20190528 11:09:04.506" level="INFO">${current_path} = c:\RED_robot\workspace\TestRed</msg>
<status status="PASS" starttime="20190528 11:09:04.506" endtime="20190528 11:09:04.506"></status>
</kw>
<kw name="Log" library="BuiltIn">
<doc>Logs the given message with the given level.</doc>
<arguments>
<arg>${current_path}</arg>
</arguments>
<msg timestamp="20190528 11:09:04.507" level="INFO">c:\RED_robot\workspace\TestRed</msg>
<status status="PASS" starttime="20190528 11:09:04.506" endtime="20190528 11:09:04.507"></status>
</kw>
<kw name="Download Newest Webdriver" library="WebDriverManagerRobot">
<arguments>
<arg>${current_path}</arg>
<arg>${browser}</arg>
</arguments>
<msg timestamp="20190528 11:09:06.101" level="INFO">Skipping download. File c:\RED_robot\workspace\TestRed\chrome\74.0.3729.6\chromedriver_win32.zip already on filesystem.</msg>
<msg timestamp="20190528 11:09:06.692" level="INFO">File c:\RED_robot\workspace\TestRed\chromedriver.exe already exists and will be overwritten.</msg>
<msg timestamp="20190528 11:09:06.705" level="INFO">Chrome driver downloaded c:\RED_robot\workspace\TestRed</msg>
<status status="PASS" starttime="20190528 11:09:04.507" endtime="20190528 11:09:06.705"></status>
</kw>
<status status="PASS" starttime="20190528 11:09:04.505" endtime="20190528 11:09:06.705"></status>
</kw>
<kw name="Open Browser" library="SeleniumLibrary">
<doc>Opens a new browser instance to the given ``url``.</doc>
<arguments>
<arg>${tested_web_url}</arg>
<arg>${browser}</arg>
</arguments>
<msg timestamp="20190528 11:09:06.706" level="INFO">Opening browser 'chrome' to base url 'http://www.qualityminds.de'.</msg>
<status status="PASS" starttime="20190528 11:09:06.705" endtime="20190528 11:09:12.071"></status>
</kw>
<kw name="Set Window Size" library="SeleniumLibrary">
<doc>Sets current windows size to given ``width`` and ``height``.</doc>
<arguments>
<arg>1400</arg>
<arg>800</arg>
</arguments>
<status status="PASS" starttime="20190528 11:09:12.071" endtime="20190528 11:09:13.200"></status>
</kw>
<kw name="Run Keyword And Ignore Error" library="BuiltIn">
<doc>Runs the given keyword with the given arguments and ignores possible error.</doc>
<arguments>
<arg>Click Element</arg>
<arg>xpath:${button_cookies_allow}</arg>
</arguments>
<kw name="Click Element" library="SeleniumLibrary">
<doc>Click element identified by ``locator``.</doc>
<arguments>
<arg>xpath:${button_cookies_allow}</arg>
</arguments>
<msg timestamp="20190528 11:09:13.201" level="INFO">Clicking element 'xpath://a[@class='cc-btn cc-allow']'.</msg>
<status status="PASS" starttime="20190528 11:09:13.201" endtime="20190528 11:09:14.727"></status>
</kw>
<status status="PASS" starttime="20190528 11:09:13.201" endtime="20190528 11:09:14.727"></status>
</kw>
<status status="PASS" starttime="20190528 11:09:04.505" endtime="20190528 11:09:14.727"></status>
</kw>
<test id="s1-t1" name="Test case 1">
<kw name="Go To Main Page" type="setup">
<kw name="Go To" library="SeleniumLibrary">
<doc>Navigates the active browser instance to the provided ``url``.</doc>
<arguments>
<arg>${tested_web_url}</arg>
</arguments>
<msg timestamp="20190528 11:09:14.728" level="INFO">Opening url 'http://www.qualityminds.de'</msg>
<status status="PASS" starttime="20190528 11:09:14.728" endtime="20190528 11:09:15.934"></status>
</kw>
<status status="PASS" starttime="20190528 11:09:14.728" endtime="20190528 11:09:15.935"></status>
</kw>
<kw name="Verify that “Kontakt aufnehmen” button links to email hello@qualityminds_de">
<kw name="Get Element Attribute" library="SeleniumLibrary">
<doc>Returns value of ``attribute`` from element ``locator``.</doc>
<arguments>
<arg>xpath:${button_kontakt_mail_xpath}</arg>
<arg>href</arg>
</arguments>
<assign>
<var>${mail_button_value}</var>
</assign>
<msg timestamp="20190528 11:09:15.956" level="INFO">${mail_button_value} = mailto:%20hello@qualityminds.de</msg>
<status status="PASS" starttime="20190528 11:09:15.935" endtime="20190528 11:09:15.956"></status>
</kw>
<kw name="Set Variable" library="BuiltIn">
<doc>Returns the given values which can then be assigned to a variables.</doc>
<arguments>
<arg>At main page for kontakt button there is value [${mail_button_value}], should be [${expected_mailto_value}]</arg>
</arguments>
<assign>
<var>${tc1_stp2_fail_msg}</var>
</assign>
<msg timestamp="20190528 11:09:15.956" level="INFO">${tc1_stp2_fail_msg} = At main page for kontakt button there is value [mailto:%20hello@qualityminds.de], should be [mailto:hello@qualityminds.com]</msg>
<status status="PASS" starttime="20190528 11:09:15.956" endtime="20190528 11:09:15.956"></status>
</kw>
<kw name="Run Keyword And Continue On Failure" library="BuiltIn">
<doc>Runs the keyword and continues execution even if a failure occurs.</doc>
<arguments>
<arg>Run Keyword If</arg>
<arg>'${mail_button_value}'!='${expected_mailto_value}'</arg>
<arg>Fail</arg>
<arg>${tc1_stp2_fail_msg}</arg>
</arguments>
<kw name="Run Keyword If" library="BuiltIn">
<doc>Runs the given keyword with the given arguments, if ``condition`` is true.</doc>
<arguments>
<arg>'${mail_button_value}'!='${expected_mailto_value}'</arg>
<arg>Fail</arg>
<arg>${tc1_stp2_fail_msg}</arg>
</arguments>
<kw name="Fail" library="BuiltIn">
<doc>Fails the test with the given message and optionally alters its tags.</doc>
<arguments>
<arg>${tc1_stp2_fail_msg}</arg>
</arguments>
<msg timestamp="20190528 11:09:15.957" level="FAIL">At main page for kontakt button there is value [mailto:%20hello@qualityminds.de], should be [mailto:hello@qualityminds.com]</msg>
<status status="FAIL" starttime="20190528 11:09:15.957" endtime="20190528 11:09:15.957"></status>
</kw>
<status status="FAIL" starttime="20190528 11:09:15.957" endtime="20190528 11:09:15.957"></status>
</kw>
<status status="FAIL" starttime="20190528 11:09:15.956" endtime="20190528 11:09:15.957"></status>
</kw>
<status status="FAIL" starttime="20190528 11:09:15.935" endtime="20190528 11:09:15.958"></status>
</kw>
<kw name="Click Element" library="SeleniumLibrary">
<doc>Click element identified by ``locator``.</doc>
<arguments>
<arg>xpath:${button_kontakt_main_xpath}</arg>
</arguments>
<msg timestamp="20190528 11:09:15.958" level="INFO">Clicking element 'xpath://ul[@id='top-menu']//a[contains(text(),'Kontakt')]'.</msg>
<status status="PASS" starttime="20190528 11:09:15.958" endtime="20190528 11:09:18.262"></status>
</kw>
<kw name="Get Location" library="SeleniumLibrary">
<doc>Returns the current browser URL.</doc>
<assign>
<var>${current_location}</var>
</assign>
<msg timestamp="20190528 11:09:18.270" level="INFO">${current_location} = https://qualityminds.de/kontakt/</msg>
<status status="PASS" starttime="20190528 11:09:18.262" endtime="20190528 11:09:18.270"></status>
</kw>
<kw name="Verify that the page contains same email address">
<arguments>
<arg>${current_location}</arg>
</arguments>
<kw name="Run Keyword And Return Status" library="BuiltIn">
<doc>Runs the given keyword with given arguments and returns the status as a Boolean value.</doc>
<arguments>
<arg>Get WebElement</arg>
<arg>${mail_kontakt_xpath}</arg>
</arguments>
<assign>
<var>${status_mail_kontakt}</var>
</assign>
<kw name="Get WebElement" library="SeleniumLibrary">
<doc>Returns the first WebElement matching the given ``locator``.</doc>
<arguments>
<arg>${mail_kontakt_xpath}</arg>
</arguments>
<status status="PASS" starttime="20190528 11:09:18.271" endtime="20190528 11:09:18.284"></status>
</kw>
<msg timestamp="20190528 11:09:18.285" level="INFO">${status_mail_kontakt} = True</msg>
<status status="PASS" starttime="20190528 11:09:18.271" endtime="20190528 11:09:18.285"></status>
</kw>
<kw name="Set Variable" library="BuiltIn">
<doc>Returns the given values which can then be assigned to a variables.</doc>
<arguments>
<arg>On ${current_location} there is no [${expected_mailto_value}] text.</arg>
</arguments>
<assign>
<var>${tc1_stp4_fail_msg}</var>
</assign>
<msg timestamp="20190528 11:09:18.285" level="INFO">${tc1_stp4_fail_msg} = On https://qualityminds.de/kontakt/ there is no [mailto:hello@qualityminds.com] text.</msg>
<status status="PASS" starttime="20190528 11:09:18.285" endtime="20190528 11:09:18.285"></status>
</kw>
<kw name="Run Keyword And Continue On Failure" library="BuiltIn">
<doc>Runs the keyword and continues execution even if a failure occurs.</doc>
<arguments>
<arg>Run Keyword If</arg>
<arg>${status_mail_kontakt}==False</arg>
<arg>Fail</arg>
<arg>${tc1_stp4_fail_msg}</arg>
</arguments>
<kw name="Run Keyword If" library="BuiltIn">
<doc>Runs the given keyword with the given arguments, if ``condition`` is true.</doc>
<arguments>
<arg>${status_mail_kontakt}==False</arg>
<arg>Fail</arg>
<arg>${tc1_stp4_fail_msg}</arg>
</arguments>
<status status="PASS" starttime="20190528 11:09:18.285" endtime="20190528 11:09:18.286"></status>
</kw>
<status status="PASS" starttime="20190528 11:09:18.285" endtime="20190528 11:09:18.286"></status>
</kw>
<status status="PASS" starttime="20190528 11:09:18.270" endtime="20190528 11:09:18.286"></status>
</kw>
<status status="FAIL" starttime="20190528 11:09:14.727" endtime="20190528 11:09:18.286" critical="yes">At main page for kontakt button there is value [mailto:%20hello@qualityminds.de], should be [mailto:hello@qualityminds.com]</status>
</test>
<test id="s1-t2" name="Test case 2">
<kw name="Go To Main Page" type="setup">
<kw name="Go To" library="SeleniumLibrary">
<doc>Navigates the active browser instance to the provided ``url``.</doc>
<arguments>
<arg>${tested_web_url}</arg>
</arguments>
<msg timestamp="20190528 11:09:18.288" level="INFO">Opening url 'http://www.qualityminds.de'</msg>
<status status="PASS" starttime="20190528 11:09:18.287" endtime="20190528 11:09:20.364"></status>
</kw>
<status status="PASS" starttime="20190528 11:09:18.287" endtime="20190528 11:09:20.364"></status>
</kw>
<kw name="Wait Until Element Is Visible" library="SeleniumLibrary">
<doc>Waits until element ``locator`` is visible.</doc>
<arguments>
<arg>xpath:${button_portfolio_main_xpath}</arg>
</arguments>
<status status="PASS" starttime="20190528 11:09:20.364" endtime="20190528 11:09:20.391"></status>
</kw>
<kw name="Mouse Over" library="SeleniumLibrary">
<doc>Simulates hovering mouse over the element ``locator``.</doc>
<arguments>
<arg>xpath:${button_portfolio_main_xpath}</arg>
</arguments>
<msg timestamp="20190528 11:09:20.391" level="INFO">Simulating Mouse Over on element 'xpath://ul[@id='top-menu']//a[contains(text(),'Portfolio')]//..'.</msg>
<status status="PASS" starttime="20190528 11:09:20.391" endtime="20190528 11:09:20.411"></status>
</kw>
<kw name="Wait Until Element Is Visible" library="SeleniumLibrary">
<doc>Waits until element ``locator`` is visible.</doc>
<arguments>
<arg>xpath:${button_portfolio_submenu_webautoandmobile_xpath}</arg>
</arguments>
<status status="PASS" starttime="20190528 11:09:20.411" endtime="20190528 11:09:20.435"></status>
</kw>
<kw name="Click Element" library="SeleniumLibrary">
<doc>Click element identified by ``locator``.</doc>
<arguments>
<arg>xpath:${button_portfolio_submenu_webautoandmobile_xpath}</arg>
</arguments>
<msg timestamp="20190528 11:09:20.436" level="INFO">Clicking element 'xpath://ul[@id='top-menu']//a[contains(text(),'Web, Automation &amp; Mobile Testing')]'.</msg>
<status status="PASS" starttime="20190528 11:09:20.435" endtime="20190528 11:09:22.000"></status>
</kw>
<kw name="Verify that the Portfolio menu is hightlighted">
<kw name="Wait Until Element Is Visible" library="SeleniumLibrary">
<doc>Waits until element ``locator`` is visible.</doc>
<arguments>
<arg>xpath:${button_portfolio_main_xpath}</arg>
</arguments>
<status status="PASS" starttime="20190528 11:09:22.001" endtime="20190528 11:09:22.022"></status>
</kw>
<kw name="Get Element Attribute" library="SeleniumLibrary">
<doc>Returns value of ``attribute`` from element ``locator``.</doc>
<arguments>
<arg>xpath:${button_portfolio_main_xpath}</arg>
<arg>class</arg>
</arguments>
<assign>
<var>${class_values}</var>
</assign>
<msg timestamp="20190528 11:09:22.034" level="INFO">${class_values} = mega-menu top-menu-item menu-item menu-item-type-post_type menu-item-object-page current-menu-ancestor current_page_ancestor menu-item-has-children menu-item-220</msg>
<status status="PASS" starttime="20190528 11:09:22.022" endtime="20190528 11:09:22.034"></status>
</kw>
<kw name="Run Keyword And Return Status" library="BuiltIn">
<doc>Runs the given keyword with given arguments and returns the status as a Boolean value.</doc>
<arguments>
<arg>Should Contain</arg>
<arg>${class_values}</arg>
<arg>current-menu-ancestor</arg>
</arguments>
<assign>
<var>${status_highlighted_value}</var>
</assign>
<kw name="Should Contain" library="BuiltIn">
<doc>Fails if ``container`` does not contain ``item`` one or more times.</doc>
<arguments>
<arg>${class_values}</arg>
<arg>current-menu-ancestor</arg>
</arguments>
<status status="PASS" starttime="20190528 11:09:22.035" endtime="20190528 11:09:22.035"></status>
</kw>
<msg timestamp="20190528 11:09:22.035" level="INFO">${status_highlighted_value} = True</msg>
<status status="PASS" starttime="20190528 11:09:22.034" endtime="20190528 11:09:22.035"></status>
</kw>
<kw name="Set Variable" library="BuiltIn">
<doc>Returns the given values which can then be assigned to a variables.</doc>
<arguments>
<arg>Porfolio button is not hightlighted</arg>
</arguments>
<assign>
<var>${tc2_stp4_fail_msg}</var>
</assign>
<msg timestamp="20190528 11:09:22.035" level="INFO">${tc2_stp4_fail_msg} = Porfolio button is not hightlighted</msg>
<status status="PASS" starttime="20190528 11:09:22.035" endtime="20190528 11:09:22.035"></status>
</kw>
<kw name="Run Keyword And Continue On Failure" library="BuiltIn">
<doc>Runs the keyword and continues execution even if a failure occurs.</doc>
<arguments>
<arg>Run Keyword If</arg>
<arg>${status_highlighted_value}==False</arg>
<arg>Fail</arg>
<arg>${tc2_stp4_fail_msg}</arg>
</arguments>
<kw name="Run Keyword If" library="BuiltIn">
<doc>Runs the given keyword with the given arguments, if ``condition`` is true.</doc>
<arguments>
<arg>${status_highlighted_value}==False</arg>
<arg>Fail</arg>
<arg>${tc2_stp4_fail_msg}</arg>
</arguments>
<status status="PASS" starttime="20190528 11:09:22.036" endtime="20190528 11:09:22.036"></status>
</kw>
<status status="PASS" starttime="20190528 11:09:22.035" endtime="20190528 11:09:22.036"></status>
</kw>
<status status="PASS" starttime="20190528 11:09:22.000" endtime="20190528 11:09:22.036"></status>
</kw>
<kw name="Wait Until Element Is Visible" library="SeleniumLibrary">
<doc>Waits until element ``locator`` is visible.</doc>
<arguments>
<arg>xpath:${button_portfolio_webautoandmobile_mobile_xpath}</arg>
</arguments>
<status status="PASS" starttime="20190528 11:09:22.036" endtime="20190528 11:09:22.054"></status>
</kw>
<kw name="Click Element" library="SeleniumLibrary">
<doc>Click element identified by ``locator``.</doc>
<arguments>
<arg>xpath:${button_portfolio_webautoandmobile_mobile_xpath}</arg>
</arguments>
<msg timestamp="20190528 11:09:22.055" level="INFO">Clicking element 'xpath://div[@id='team-tab-three-title-desktop']//div[@class='sb_mod_acf_single_item clearfix'][contains(text(),'Mobile')]'.</msg>
<status status="PASS" starttime="20190528 11:09:22.055" endtime="20190528 11:09:22.112"></status>
</kw>
<kw name="Verify the download link for the flyer">
<kw name="Get Element Attribute" library="SeleniumLibrary">
<doc>Returns value of ``attribute`` from element ``locator``.</doc>
<arguments>
<arg>${button_portfolio_webautoandmobile_mobile_flyer_downl_xpath}</arg>
<arg>href</arg>
</arguments>
<assign>
<var>${button_value_href}</var>
</assign>
<msg timestamp="20190528 11:09:22.138" level="INFO">${button_value_href} = https://qualityminds.de/app/uploads/2018/11/Find-The-Mobile-Bug-Session.pdf</msg>
<status status="PASS" starttime="20190528 11:09:22.113" endtime="20190528 11:09:22.138"></status>
</kw>
<kw name="Set Variable" library="BuiltIn">
<doc>Returns the given values which can then be assigned to a variables.</doc>
<arguments>
<arg>There is [${button_value_href}] but should be ${expected_download_flyer_value}</arg>
</arguments>
<assign>
<var>${tc2_stp6_fail_msg}</var>
</assign>
<msg timestamp="20190528 11:09:22.139" level="INFO">${tc2_stp6_fail_msg} = There is [https://qualityminds.de/app/uploads/2018/11/Find-The-Mobile-Bug-Session.pdf] but should be https://qualityminds.de/app/uploads/2018/11/Find-The-Mobile-Bug-Session.pdf</msg>
<status status="PASS" starttime="20190528 11:09:22.138" endtime="20190528 11:09:22.139"></status>
</kw>
<kw name="Run Keyword And Continue On Failure" library="BuiltIn">
<doc>Runs the keyword and continues execution even if a failure occurs.</doc>
<arguments>
<arg>Run Keyword If</arg>
<arg>'${button_value_href}'!='${expected_download_flyer_value}'</arg>
<arg>Fail</arg>
<arg>${tc2_stp6_fail_msg}</arg>
</arguments>
<kw name="Run Keyword If" library="BuiltIn">
<doc>Runs the given keyword with the given arguments, if ``condition`` is true.</doc>
<arguments>
<arg>'${button_value_href}'!='${expected_download_flyer_value}'</arg>
<arg>Fail</arg>
<arg>${tc2_stp6_fail_msg}</arg>
</arguments>
<status status="PASS" starttime="20190528 11:09:22.139" endtime="20190528 11:09:22.140"></status>
</kw>
<status status="PASS" starttime="20190528 11:09:22.139" endtime="20190528 11:09:22.140"></status>
</kw>
<status status="PASS" starttime="20190528 11:09:22.112" endtime="20190528 11:09:22.140"></status>
</kw>
<kw name="Verify if file is available via download link">
<kw name="Get Element Attribute" library="SeleniumLibrary">
<doc>Returns value of ``attribute`` from element ``locator``.</doc>
<arguments>
<arg>${button_portfolio_webautoandmobile_mobile_flyer_downl_xpath}</arg>
<arg>href</arg>
</arguments>
<assign>
<var>${button_value_href}</var>
</assign>
<msg timestamp="20190528 11:09:22.155" level="INFO">${button_value_href} = https://qualityminds.de/app/uploads/2018/11/Find-The-Mobile-Bug-Session.pdf</msg>
<status status="PASS" starttime="20190528 11:09:22.140" endtime="20190528 11:09:22.155"></status>
</kw>
<kw name="Run Keyword And Return Status" library="BuiltIn">
<doc>Runs the given keyword with given arguments and returns the status as a Boolean value.</doc>
<arguments>
<arg>Go To</arg>
<arg>${button_value_href}</arg>
</arguments>
<assign>
<var>${status_ok}</var>
</assign>
<kw name="Go To" library="SeleniumLibrary">
<doc>Navigates the active browser instance to the provided ``url``.</doc>
<arguments>
<arg>${button_value_href}</arg>
</arguments>
<msg timestamp="20190528 11:09:22.156" level="INFO">Opening url 'https://qualityminds.de/app/uploads/2018/11/Find-The-Mobile-Bug-Session.pdf'</msg>
<status status="PASS" starttime="20190528 11:09:22.156" endtime="20190528 11:09:22.224"></status>
</kw>
<msg timestamp="20190528 11:09:22.224" level="INFO">${status_ok} = True</msg>
<status status="PASS" starttime="20190528 11:09:22.155" endtime="20190528 11:09:22.224"></status>
</kw>
<kw name="Set Variable" library="BuiltIn">
<doc>Returns the given values which can then be assigned to a variables.</doc>
<assign>
<var>${tc2_stp7_fail_msg}</var>
</assign>
<msg timestamp="20190528 11:09:22.225" level="INFO">${tc2_stp7_fail_msg} = </msg>
<status status="PASS" starttime="20190528 11:09:22.225" endtime="20190528 11:09:22.225"></status>
</kw>
<kw name="Run Keyword And Continue On Failure" library="BuiltIn">
<doc>Runs the keyword and continues execution even if a failure occurs.</doc>
<arguments>
<arg>Run Keyword If</arg>
<arg>${status_ok}==False</arg>
<arg>Fail</arg>
<arg>${tc2_stp7_fail_msg}</arg>
</arguments>
<kw name="Run Keyword If" library="BuiltIn">
<doc>Runs the given keyword with the given arguments, if ``condition`` is true.</doc>
<arguments>
<arg>${status_ok}==False</arg>
<arg>Fail</arg>
<arg>${tc2_stp7_fail_msg}</arg>
</arguments>
<status status="PASS" starttime="20190528 11:09:22.225" endtime="20190528 11:09:22.225"></status>
</kw>
<status status="PASS" starttime="20190528 11:09:22.225" endtime="20190528 11:09:22.225"></status>
</kw>
<status status="PASS" starttime="20190528 11:09:22.140" endtime="20190528 11:09:22.225"></status>
</kw>
<status status="PASS" starttime="20190528 11:09:18.286" endtime="20190528 11:09:22.226" critical="yes"></status>
</test>
<test id="s1-t3" name="Test Case 3">
<kw name="Go To Main Page" type="setup">
<kw name="Go To" library="SeleniumLibrary">
<doc>Navigates the active browser instance to the provided ``url``.</doc>
<arguments>
<arg>${tested_web_url}</arg>
</arguments>
<msg timestamp="20190528 11:09:22.227" level="INFO">Opening url 'http://www.qualityminds.de'</msg>
<status status="PASS" starttime="20190528 11:09:22.227" endtime="20190528 11:09:23.207"></status>
</kw>
<status status="PASS" starttime="20190528 11:09:22.226" endtime="20190528 11:09:23.207"></status>
</kw>
<kw name="Wait Until Element Is Visible" library="SeleniumLibrary">
<doc>Waits until element ``locator`` is visible.</doc>
<arguments>
<arg>xpath:${button_main_kariere_xpath}</arg>
</arguments>
<status status="PASS" starttime="20190528 11:09:23.207" endtime="20190528 11:09:23.237"></status>
</kw>
<kw name="Click Element" library="SeleniumLibrary">
<doc>Click element identified by ``locator``.</doc>
<arguments>
<arg>xpath:${button_main_kariere_xpath}</arg>
</arguments>
<msg timestamp="20190528 11:09:23.237" level="INFO">Clicking element 'xpath://ul[@id='top-menu']//a[contains(text(),'Karriere')]'.</msg>
<status status="PASS" starttime="20190528 11:09:23.237" endtime="20190528 11:09:25.284"></status>
</kw>
<kw name="Wait Until Element Is Visible" library="SeleniumLibrary">
<doc>Waits until element ``locator`` is visible.</doc>
<arguments>
<arg>xpath:${button_kariere_bewirb_dich_jetztz}</arg>
</arguments>
<status status="PASS" starttime="20190528 11:09:25.284" endtime="20190528 11:09:25.307"></status>
</kw>
<kw name="Click Element" library="SeleniumLibrary">
<doc>Click element identified by ``locator``.</doc>
<arguments>
<arg>xpath:${button_kariere_bewirb_dich_jetztz}</arg>
</arguments>
<msg timestamp="20190528 11:09:25.307" level="INFO">Clicking element 'xpath://a[contains(text(),'Bewirb dich jetzt!')]'.</msg>
<status status="PASS" starttime="20190528 11:09:25.307" endtime="20190528 11:09:26.360"></status>
</kw>
<kw name="Click Submit Button Kontakt Formular">
<kw name="Wait Until Element Is Enabled" library="SeleniumLibrary">
<doc>Waits until element ``locator`` is enabled.</doc>
<arguments>
<arg>xpath:${button_kontaktformular_jetzt_bewerben_xpath}</arg>
</arguments>
<status status="PASS" starttime="20190528 11:09:26.360" endtime="20190528 11:09:26.398"></status>
</kw>
<kw name="Click Element" library="SeleniumLibrary">
<doc>Click element identified by ``locator``.</doc>
<arguments>
<arg>xpath:${button_kontaktformular_jetzt_bewerben_xpath}</arg>
</arguments>
<msg timestamp="20190528 11:09:26.398" level="INFO">Clicking element 'xpath://input[@type='submit']'.</msg>
<status status="PASS" starttime="20190528 11:09:26.398" endtime="20190528 11:09:26.468"></status>
</kw>
<status status="PASS" starttime="20190528 11:09:26.360" endtime="20190528 11:09:26.468"></status>
</kw>
<kw name="Verify the correct warnig message is displayed">
<kw name="Run Keyword And Return Status" library="BuiltIn">
<doc>Runs the given keyword with given arguments and returns the status as a Boolean value.</doc>
<arguments>
<arg>Page Should Contain Element</arg>
<arg>xpath:${warning_not_accepted}</arg>
</arguments>
<assign>
<var>${warning_status}</var>
</assign>
<kw name="Page Should Contain Element" library="SeleniumLibrary">
<doc>Verifies that element ``locator`` is found on the current page.</doc>
<arguments>
<arg>xpath:${warning_not_accepted}</arg>
</arguments>
<msg timestamp="20190528 11:09:26.507" level="INFO">Current page contains element 'xpath://*[contains(text(),'Dies ist ein Pflichtfeld.')]'.</msg>
<status status="PASS" starttime="20190528 11:09:26.469" endtime="20190528 11:09:26.507"></status>
</kw>
<msg timestamp="20190528 11:09:26.507" level="INFO">${warning_status} = True</msg>
<status status="PASS" starttime="20190528 11:09:26.469" endtime="20190528 11:09:26.507"></status>
</kw>
<kw name="Set Variable" library="BuiltIn">
<doc>Returns the given values which can then be assigned to a variables.</doc>
<arguments>
<arg>There is no warnig status.</arg>
</arguments>
<assign>
<var>${tc3_stp5_fail_msg}</var>
</assign>
<msg timestamp="20190528 11:09:26.507" level="INFO">${tc3_stp5_fail_msg} = There is no warnig status.</msg>
<status status="PASS" starttime="20190528 11:09:26.507" endtime="20190528 11:09:26.507"></status>
</kw>
<kw name="Run Keyword And Continue On Failure" library="BuiltIn">
<doc>Runs the keyword and continues execution even if a failure occurs.</doc>
<arguments>
<arg>Run Keyword If</arg>
<arg>${warning_status}==False</arg>
<arg>Fail</arg>
<arg>${tc3_stp5_fail_msg}</arg>
</arguments>
<kw name="Run Keyword If" library="BuiltIn">
<doc>Runs the given keyword with the given arguments, if ``condition`` is true.</doc>
<arguments>
<arg>${warning_status}==False</arg>
<arg>Fail</arg>
<arg>${tc3_stp5_fail_msg}</arg>
</arguments>
<status status="PASS" starttime="20190528 11:09:26.508" endtime="20190528 11:09:26.508"></status>
</kw>
<status status="PASS" starttime="20190528 11:09:26.507" endtime="20190528 11:09:26.508"></status>
</kw>
<status status="PASS" starttime="20190528 11:09:26.469" endtime="20190528 11:09:26.508"></status>
</kw>
<kw name="Input Text" library="SeleniumLibrary">
<doc>Types the given ``text`` into text field identified by ``locator``.</doc>
<arguments>
<arg>xpath:${input_kontaktformular_Vorname}</arg>
<arg>Ariel</arg>
</arguments>
<msg timestamp="20190528 11:09:26.508" level="INFO">Typing text 'Ariel' into text field 'xpath://input[@placeholder='Vorname*']'.</msg>
<status status="PASS" starttime="20190528 11:09:26.508" endtime="20190528 11:09:26.602"></status>
</kw>
<kw name="Click Submit Button Kontakt Formular">
<kw name="Wait Until Element Is Enabled" library="SeleniumLibrary">
<doc>Waits until element ``locator`` is enabled.</doc>
<arguments>
<arg>xpath:${button_kontaktformular_jetzt_bewerben_xpath}</arg>
</arguments>
<status status="PASS" starttime="20190528 11:09:26.602" endtime="20190528 11:09:26.619"></status>
</kw>
<kw name="Click Element" library="SeleniumLibrary">
<doc>Click element identified by ``locator``.</doc>
<arguments>
<arg>xpath:${button_kontaktformular_jetzt_bewerben_xpath}</arg>
</arguments>
<msg timestamp="20190528 11:09:26.619" level="INFO">Clicking element 'xpath://input[@type='submit']'.</msg>
<status status="PASS" starttime="20190528 11:09:26.619" endtime="20190528 11:09:26.664"></status>
</kw>
<status status="PASS" starttime="20190528 11:09:26.602" endtime="20190528 11:09:26.664"></status>
</kw>
<kw name="Verify the correct warnig message is displayed">
<kw name="Run Keyword And Return Status" library="BuiltIn">
<doc>Runs the given keyword with given arguments and returns the status as a Boolean value.</doc>
<arguments>
<arg>Page Should Contain Element</arg>
<arg>xpath:${warning_not_accepted}</arg>
</arguments>
<assign>
<var>${warning_status}</var>
</assign>
<kw name="Page Should Contain Element" library="SeleniumLibrary">
<doc>Verifies that element ``locator`` is found on the current page.</doc>
<arguments>
<arg>xpath:${warning_not_accepted}</arg>
</arguments>
<msg timestamp="20190528 11:09:26.672" level="INFO">Current page contains element 'xpath://*[contains(text(),'Dies ist ein Pflichtfeld.')]'.</msg>
<status status="PASS" starttime="20190528 11:09:26.665" endtime="20190528 11:09:26.672"></status>
</kw>
<msg timestamp="20190528 11:09:26.673" level="INFO">${warning_status} = True</msg>
<status status="PASS" starttime="20190528 11:09:26.665" endtime="20190528 11:09:26.673"></status>
</kw>
<kw name="Set Variable" library="BuiltIn">
<doc>Returns the given values which can then be assigned to a variables.</doc>
<arguments>
<arg>There is no warnig status.</arg>
</arguments>
<assign>
<var>${tc3_stp5_fail_msg}</var>
</assign>
<msg timestamp="20190528 11:09:26.673" level="INFO">${tc3_stp5_fail_msg} = There is no warnig status.</msg>
<status status="PASS" starttime="20190528 11:09:26.673" endtime="20190528 11:09:26.673"></status>
</kw>
<kw name="Run Keyword And Continue On Failure" library="BuiltIn">
<doc>Runs the keyword and continues execution even if a failure occurs.</doc>
<arguments>
<arg>Run Keyword If</arg>
<arg>${warning_status}==False</arg>
<arg>Fail</arg>
<arg>${tc3_stp5_fail_msg}</arg>
</arguments>
<kw name="Run Keyword If" library="BuiltIn">
<doc>Runs the given keyword with the given arguments, if ``condition`` is true.</doc>
<arguments>
<arg>${warning_status}==False</arg>
<arg>Fail</arg>
<arg>${tc3_stp5_fail_msg}</arg>
</arguments>
<status status="PASS" starttime="20190528 11:09:26.673" endtime="20190528 11:09:26.673"></status>
</kw>
<status status="PASS" starttime="20190528 11:09:26.673" endtime="20190528 11:09:26.674"></status>
</kw>
<status status="PASS" starttime="20190528 11:09:26.664" endtime="20190528 11:09:26.674"></status>
</kw>
<kw name="Input Text" library="SeleniumLibrary">
<doc>Types the given ``text`` into text field identified by ``locator``.</doc>
<arguments>
<arg>xpath:${input_kontaktformular_Email}</arg>
<arg>dabkowski.ariel@gmail.com</arg>
</arguments>
<msg timestamp="20190528 11:09:26.674" level="INFO">Typing text 'dabkowski.ariel@gmail.com' into text field 'xpath://input[@placeholder='Email*']'.</msg>
<status status="PASS" starttime="20190528 11:09:26.674" endtime="20190528 11:09:26.892"></status>
</kw>
<kw name="Click Submit Button Kontakt Formular">
<kw name="Wait Until Element Is Enabled" library="SeleniumLibrary">
<doc>Waits until element ``locator`` is enabled.</doc>
<arguments>
<arg>xpath:${button_kontaktformular_jetzt_bewerben_xpath}</arg>
</arguments>
<status status="PASS" starttime="20190528 11:09:26.892" endtime="20190528 11:09:26.908"></status>
</kw>
<kw name="Click Element" library="SeleniumLibrary">
<doc>Click element identified by ``locator``.</doc>
<arguments>
<arg>xpath:${button_kontaktformular_jetzt_bewerben_xpath}</arg>
</arguments>
<msg timestamp="20190528 11:09:26.909" level="INFO">Clicking element 'xpath://input[@type='submit']'.</msg>
<status status="PASS" starttime="20190528 11:09:26.908" endtime="20190528 11:09:26.944"></status>
</kw>
<status status="PASS" starttime="20190528 11:09:26.892" endtime="20190528 11:09:26.945"></status>
</kw>
<kw name="Attach file with Weiter Dateien hochaden button">
<kw name="Choose File" library="SeleniumLibrary">
<doc>Inputs the ``file_path`` into file input field ``locator``.</doc>
<arguments>
<arg>xpath:${button_kontaktformular_DateienHochladen}</arg>
<arg>c:\\RED_robot\\workspace\\TestRed\\${expected_file_name_to_be_uploaded}</arg>
</arguments>
<status status="PASS" starttime="20190528 11:09:26.945" endtime="20190528 11:09:26.982"></status>
</kw>
<kw name="Run Keyword And Return Status" library="BuiltIn">
<doc>Runs the given keyword with given arguments and returns the status as a Boolean value.</doc>
<arguments>
<arg>Wait Until Element Is Visible</arg>
<arg>xpath:${expected_file_to_be_uploaded_xpath}</arg>
</arguments>
<assign>
<var>${upload_file_status}</var>
</assign>
<kw name="Wait Until Element Is Visible" library="SeleniumLibrary">
<doc>Waits until element ``locator`` is visible.</doc>
<arguments>
<arg>xpath:${expected_file_to_be_uploaded_xpath}</arg>
</arguments>
<status status="PASS" starttime="20190528 11:09:26.982" endtime="20190528 11:09:27.001"></status>
</kw>
<msg timestamp="20190528 11:09:27.001" level="INFO">${upload_file_status} = True</msg>
<status status="PASS" starttime="20190528 11:09:26.982" endtime="20190528 11:09:27.001"></status>
</kw>
<kw name="Set Variable" library="BuiltIn">
<doc>Returns the given values which can then be assigned to a variables.</doc>
<arguments>
<arg>There is no uploaded file - [${expected_file_name_to_be_uploaded}]</arg>
</arguments>
<assign>
<var>${tc3_stp11_fail_msg}</var>
</assign>
<msg timestamp="20190528 11:09:27.002" level="INFO">${tc3_stp11_fail_msg} = There is no uploaded file - [test.txt]</msg>
<status status="PASS" starttime="20190528 11:09:27.001" endtime="20190528 11:09:27.002"></status>
</kw>
<kw name="Run Keyword And Continue On Failure" library="BuiltIn">
<doc>Runs the keyword and continues execution even if a failure occurs.</doc>
<arguments>
<arg>Run Keyword If</arg>
<arg>${upload_file_status}==False</arg>
<arg>Fail</arg>
<arg>${tc3_stp11_fail_msg}</arg>
</arguments>
<kw name="Run Keyword If" library="BuiltIn">
<doc>Runs the given keyword with the given arguments, if ``condition`` is true.</doc>
<arguments>
<arg>${upload_file_status}==False</arg>
<arg>Fail</arg>
<arg>${tc3_stp11_fail_msg}</arg>
</arguments>
<status status="PASS" starttime="20190528 11:09:27.002" endtime="20190528 11:09:27.002"></status>
</kw>
<status status="PASS" starttime="20190528 11:09:27.002" endtime="20190528 11:09:27.002"></status>
</kw>
<status status="PASS" starttime="20190528 11:09:26.945" endtime="20190528 11:09:27.002"></status>
</kw>
<kw name="Click Element" library="SeleniumLibrary">
<doc>Click element identified by ``locator``.</doc>
<arguments>
<arg>xpath:${checkbox_kontaktformular_xpath}</arg>
</arguments>
<msg timestamp="20190528 11:09:27.003" level="INFO">Clicking element 'xpath://input[@type='checkbox']'.</msg>
<status status="PASS" starttime="20190528 11:09:27.002" endtime="20190528 11:09:27.049"></status>
</kw>
<status status="PASS" starttime="20190528 11:09:22.226" endtime="20190528 11:09:27.049" critical="yes"></status>
</test>
<kw name="Close All Browsers" library="SeleniumLibrary" type="teardown">
<doc>Closes all open browsers and resets the browser cache.</doc>
<status status="PASS" starttime="20190528 11:09:27.050" endtime="20190528 11:09:29.208"></status>
</kw>
<status status="FAIL" starttime="20190528 11:09:03.853" endtime="20190528 11:09:29.208"></status>
</suite>
<statistics>
<total>
<stat pass="2" fail="1">Critical Tests</stat>
<stat pass="2" fail="1">All Tests</stat>
</total>
<tag>
</tag>
<suite>
<stat pass="2" fail="1" id="s1" name="TestSuite">TestSuite</stat>
</suite>
</statistics>
<errors>
</errors>
</robot>
